SF:lib\controller.dart
DA:5,1
DA:8,2
DA:9,0
DA:10,2
DA:11,3
DA:12,2
DA:13,3
DA:14,2
DA:15,3
DA:16,2
DA:17,0
DA:18,2
DA:19,0
DA:20,2
DA:21,0
DA:22,2
DA:23,3
DA:26,2
DA:27,2
DA:31,3
DA:34,2
DA:35,3
DA:36,2
DA:37,3
DA:40,2
DA:41,0
DA:43,2
DA:44,4
DA:45,2
DA:46,3
DA:48,2
DA:49,3
DA:50,2
DA:51,3
DA:52,2
DA:53,3
DA:55,2
DA:56,0
DA:58,2
DA:60,2
DA:61,0
DA:63,2
DA:64,0
DA:65,0
DA:67,2
LF:45
LH:36
end_of_record
SF:lib\core\localization\app_translations.dart
DA:4,2
DA:5,2
DA:6,2
DA:100,2
LF:4
LH:4
end_of_record
SF:lib\core\resources\app_themes.dart
DA:4,6
DA:16,4
DA:20,2
DA:28,2
DA:29,2
DA:32,2
DA:33,2
DA:39,6
DA:51,4
DA:55,2
DA:63,2
DA:64,2
DA:67,2
DA:68,2
LF:14
LH:14
end_of_record
SF:lib\core\resources\assets_path.dart
DA:37,2
DA:38,2
DA:39,2
DA:40,2
DA:41,4
DA:42,4
DA:43,2
LF:7
LH:7
end_of_record
SF:lib\core\services\network_service\api_response.dart
DA:6,3
LF:1
LH:1
end_of_record
SF:lib\core\services\network_service\networks_utils.dart
DA:6,4
DA:8,2
DA:10,1
DA:11,3
DA:15,2
DA:17,2
DA:18,3
DA:19,5
DA:24,2
DA:26,2
DA:27,3
DA:31,2
DA:32,6
DA:33,2
DA:36,2
LF:15
LH:15
end_of_record
SF:lib\core\services\network_service\network_caller.dart
DA:13,1
DA:30,2
DA:31,2
DA:32,1
DA:33,2
DA:35,1
DA:37,1
DA:38,4
DA:39,1
DA:40,4
DA:41,4
DA:42,3
DA:43,4
DA:45,0
DA:46,0
DA:47,0
DA:53,4
DA:57,1
DA:66,2
DA:77,0
DA:82,0
DA:89,0
DA:96,0
DA:97,0
DA:98,0
DA:100,0
DA:101,0
DA:102,0
DA:108,0
DA:112,0
DA:117,0
DA:124,1
DA:126,4
DA:129,0
DA:134,0
DA:136,0
DA:143,0
DA:149,0
LF:38
LH:18
end_of_record
SF:lib\core\utils\add_banner_form.dart
DA:7,2
DA:13,2
DA:15,2
DA:17,2
DA:18,2
DA:19,2
DA:23,2
DA:24,1
DA:25,2
DA:27,2
DA:28,2
DA:34,4
DA:35,1
DA:36,2
DA:41,4
LF:15
LH:15
end_of_record
SF:lib\core\utils\add_course_dialouge.dart
DA:4,1
DA:6,1
DA:8,1
DA:9,1
DA:10,1
DA:12,2
DA:13,1
DA:14,2
DA:15,1
DA:16,1
DA:17,1
DA:18,2
DA:20,2
DA:27,1
DA:32,1
DA:34,1
DA:35,1
DA:37,1
DA:38,2
DA:39,2
DA:40,2
DA:42,1
DA:49,1
DA:50,1
DA:56,1
DA:57,1
DA:58,1
DA:59,1
DA:60,1
DA:61,1
DA:62,1
DA:65,1
DA:66,1
DA:67,1
DA:77,1
DA:82,2
DA:83,2
DA:84,2
DA:86,1
DA:87,1
DA:89,2
DA:91,0
DA:94,0
DA:98,1
DA:99,3
LF:45
LH:43
end_of_record
SF:lib\core\utils\add_mentor_dialog.dart
DA:4,1
DA:6,1
DA:8,1
DA:9,1
DA:10,1
DA:11,1
DA:13,2
DA:14,1
DA:15,2
DA:17,1
DA:18,1
DA:19,1
DA:20,2
DA:22,2
DA:29,1
DA:35,1
DA:37,1
DA:38,1
DA:40,1
DA:41,2
DA:42,2
DA:43,2
DA:44,2
DA:46,1
DA:53,1
DA:54,1
DA:60,1
DA:61,1
DA:62,1
DA:63,1
DA:64,1
DA:65,2
DA:68,1
DA:69,1
DA:70,1
DA:75,0
DA:80,1
DA:86,2
DA:87,2
DA:88,2
DA:89,2
DA:91,1
DA:93,1
DA:96,2
DA:98,0
DA:101,0
DA:105,1
DA:107,1
DA:108,1
DA:109,1
DA:110,1
LF:51
LH:48
end_of_record
SF:lib\core\utils\centered_app_logo.dart
DA:7,73
DA:13,1
DA:15,1
DA:16,1
DA:17,3
DA:18,1
DA:23,3
LF:7
LH:7
end_of_record
SF:lib\core\utils\custom_button.dart
DA:19,1
DA:35,1
DA:37,1
DA:38,1
DA:39,1
DA:40,1
DA:41,1
DA:42,1
DA:43,1
DA:47,1
DA:48,1
DA:49,1
DA:50,1
DA:51,3
DA:52,1
DA:53,2
DA:56,1
DA:58,1
DA:62,1
DA:63,1
DA:64,1
DA:65,1
DA:66,3
DA:67,1
DA:68,2
DA:70,1
DA:72,1
DA:76,1
DA:77,1
DA:78,1
DA:79,1
DA:80,3
DA:81,1
DA:82,2
DA:84,2
DA:87,1
DA:91,1
DA:92,1
DA:93,1
DA:94,1
DA:95,1
DA:96,1
DA:97,1
DA:98,1
DA:99,1
DA:100,1
DA:104,1
DA:105,1
DA:108,1
DA:109,1
DA:110,1
DA:112,1
DA:113,1
DA:114,1
DA:115,1
LF:55
LH:55
end_of_record
SF:lib\core\utils\custom_header_text.dart
DA:10,37
DA:19,1
DA:21,1
DA:22,1
DA:23,1
DA:24,1
DA:26,1
DA:28,1
DA:29,1
DA:30,1
DA:31,1
DA:33,1
LF:12
LH:12
end_of_record
SF:lib\core\utils\custom_scaffold.dart
DA:9,1
DA:17,1
DA:19,1
DA:20,1
DA:22,1
DA:23,1
DA:27,1
DA:28,1
DA:29,1
DA:33,1
DA:34,1
DA:35,0
DA:36,1
DA:38,1
DA:39,1
DA:40,1
LF:16
LH:15
end_of_record
SF:lib\core\utils\custom_spacing.dart
DA:5,1
DA:6,1
DA:8,2
DA:14,1
DA:15,1
DA:17,2
LF:6
LH:6
end_of_record
SF:lib\core\utils\custom_text.dart
DA:10,44
DA:19,8
DA:21,8
DA:22,8
DA:23,8
DA:24,8
DA:25,8
DA:28,8
DA:29,8
LF:9
LH:9
end_of_record
SF:lib\core\utils\custom_text_field.dart
DA:14,6
DA:27,5
DA:29,5
DA:30,5
DA:31,5
DA:32,5
DA:33,5
DA:34,5
DA:35,5
DA:36,5
DA:41,5
DA:42,5
DA:45,7
DA:46,7
LF:14
LH:14
end_of_record
SF:lib\core\utils\language_switch.dart
DA:4,72
DA:6,0
DA:8,0
DA:9,0
DA:10,0
DA:11,0
DA:12,0
DA:23,0
DA:25,0
LF:9
LH:1
end_of_record
SF:lib\core\utils\reusable_content_view.dart
DA:18,1
DA:28,1
DA:29,1
DA:33,1
DA:35,1
DA:36,3
DA:37,5
DA:41,1
DA:42,1
DA:43,0
DA:44,1
DA:45,1
DA:47,0
DA:50,1
DA:53,1
DA:54,3
DA:56,1
DA:60,1
DA:61,1
DA:62,1
DA:63,1
DA:64,1
DA:65,1
DA:66,1
DA:67,1
DA:68,1
DA:69,0
DA:70,0
DA:72,1
DA:76,1
DA:83,1
DA:85,3
DA:86,3
DA:87,1
DA:88,2
DA:89,1
DA:90,1
DA:91,5
DA:92,2
DA:93,2
DA:94,2
LF:41
LH:37
end_of_record
SF:lib\core\utils\theme_switch.dart
DA:4,72
DA:6,0
DA:8,0
DA:9,0
DA:10,0
DA:11,0
DA:12,0
DA:13,0
DA:14,0
LF:9
LH:1
end_of_record
SF:lib\core\utils\validators.dart
DA:2,1
DA:3,1
DA:9,1
DA:10,1
DA:13,1
DA:14,1
DA:20,1
DA:21,1
DA:24,2
LF:9
LH:9
end_of_record
SF:lib\feature\admin_content_post\widget\add_offer_slider.dart
DA:4,1
DA:6,1
DA:8,1
DA:9,2
DA:10,1
DA:14,1
DA:15,1
DA:16,1
DA:17,2
DA:18,1
DA:19,1
DA:21,1
DA:23,1
DA:25,1
DA:26,1
DA:37,1
DA:38,1
DA:39,1
DA:42,1
DA:44,2
DA:45,1
DA:46,1
DA:47,1
DA:48,2
DA:49,1
DA:51,1
DA:56,1
DA:57,1
DA:58,0
DA:59,0
DA:60,0
DA:61,0
DA:62,0
DA:65,2
LF:34
LH:29
end_of_record
SF:lib\core\services\auth_service\auth_service.dart
DA:9,0
DA:15,0
DA:16,0
DA:17,0
DA:18,0
DA:19,0
DA:23,0
DA:25,0
DA:28,0
DA:30,0
DA:33,0
DA:35,0
DA:37,0
DA:38,0
DA:40,0
DA:41,0
DA:43,0
DA:44,0
LF:18
LH:0
end_of_record
SF:lib\feature\auth\forgot_password\view\forget_password_view.dart
DA:4,36
DA:6,0
DA:7,0
DA:14,0
DA:16,0
DA:17,0
DA:20,0
DA:22,0
DA:24,0
DA:26,0
DA:27,0
DA:28,0
DA:29,0
DA:31,0
DA:38,0
DA:39,0
DA:41,0
DA:44,0
DA:45,0
DA:46,0
LF:20
LH:1
end_of_record
SF:lib\feature\auth\sign_in\view\sign_in_view.dart
DA:4,144
DA:6,0
DA:7,0
DA:15,0
DA:17,0
DA:18,0
DA:19,0
DA:22,0
DA:25,0
DA:27,0
DA:29,0
DA:30,0
DA:31,0
DA:32,0
DA:35,0
DA:37,0
DA:38,0
DA:39,0
DA:41,0
DA:42,0
DA:43,0
DA:44,0
DA:47,0
DA:48,0
DA:49,0
DA:50,0
DA:54,0
DA:56,0
DA:57,0
DA:58,0
DA:59,0
DA:61,0
DA:65,0
DA:73,0
DA:83,0
DA:84,0
DA:85,0
DA:86,0
DA:87,0
DA:90,0
LF:40
LH:1
end_of_record
SF:lib\feature\auth\splash_view\splash_view.dart
DA:4,36
DA:6,1
DA:7,1
DA:15,1
DA:17,1
DA:19,2
DA:24,3
DA:25,1
DA:26,1
DA:31,2
DA:34,2
DA:35,0
DA:36,0
DA:40,0
DA:41,0
DA:42,0
DA:44,0
DA:45,0
DA:48,1
DA:50,2
DA:51,1
DA:54,1
DA:56,1
DA:58,1
DA:59,1
DA:60,1
DA:61,1
LF:27
LH:20
end_of_record
SF:lib\feature\auth\sign_in\view_model\sign_in_controller.dart
DA:7,1
DA:11,0
DA:14,0
DA:16,0
DA:17,0
DA:18,0
DA:22,0
DA:23,0
DA:24,0
DA:27,0
DA:28,0
DA:29,0
DA:32,0
DA:33,0
DA:36,0
DA:37,0
DA:38,0
DA:41,0
DA:42,0
LF:19
LH:1
end_of_record
SF:lib\feature\auth\sign_up\view_model\sign_up_controller.dart
DA:7,1
DA:11,0
DA:14,0
DA:16,0
DA:17,0
DA:18,0
DA:22,0
DA:23,0
DA:24,0
DA:27,0
DA:28,0
DA:29,0
DA:32,0
DA:33,0
DA:36,0
DA:37,0
DA:38,0
DA:41,0
DA:42,0
LF:19
LH:1
end_of_record
SF:lib\feature\auth\forgot_password\widgets\forgot_password_button.dart
DA:4,0
DA:11,0
DA:13,0
DA:17,0
DA:25,0
DA:26,0
DA:28,0
DA:29,0
DA:32,0
DA:37,0
DA:38,0
LF:11
LH:0
end_of_record
SF:lib\feature\auth\forgot_password\widgets\forgot_password_text_button.dart
DA:4,36
DA:6,0
DA:8,0
DA:10,0
DA:11,0
DA:12,0
DA:13,0
LF:7
LH:1
end_of_record
SF:lib\feature\auth\sign_in\widgets\sign_in_text_button.dart
DA:4,0
DA:8,0
DA:10,0
DA:11,0
DA:18,0
DA:19,0
DA:22,0
DA:23,0
DA:24,0
LF:9
LH:0
end_of_record
SF:lib\feature\auth\sign_up\widgets\sign_up_button.dart
DA:4,0
DA:15,0
DA:17,0
DA:18,0
DA:19,0
DA:20,0
DA:22,0
DA:23,0
DA:26,0
DA:37,0
DA:38,0
DA:40,0
DA:41,0
DA:43,0
DA:45,0
LF:15
LH:0
end_of_record
SF:lib\feature\auth\sign_up\widgets\sign_up_text_button.dart
DA:4,36
DA:6,0
DA:8,0
DA:9,0
DA:16,0
DA:17,0
DA:20,0
DA:21,0
LF:8
LH:1
end_of_record
SF:lib\feature\capters_4\model\chapter_model.dart
DA:8,1
DA:16,1
DA:17,1
DA:18,1
DA:19,1
DA:23,1
DA:24,1
DA:25,1
DA:26,2
DA:27,2
DA:28,2
DA:29,2
LF:12
LH:12
end_of_record
SF:lib\feature\capters_4\repo\chapters_repository.dart
DA:4,1
DA:7,0
DA:9,0
DA:11,0
DA:14,0
DA:21,0
DA:23,0
DA:25,0
DA:30,0
DA:31,0
DA:32,0
DA:33,0
DA:36,0
DA:37,0
DA:39,0
LF:15
LH:1
end_of_record
SF:lib\feature\capters_4\view\chapters_view.dart
DA:7,0
DA:13,0
DA:14,0
DA:20,0
DA:22,0
DA:23,0
DA:26,0
DA:28,0
DA:29,0
DA:30,0
DA:31,0
DA:32,0
DA:33,0
DA:39,0
DA:40,0
DA:41,0
DA:44,0
DA:45,0
DA:48,0
DA:51,0
DA:55,0
DA:56,0
DA:59,0
DA:60,0
DA:68,0
DA:69,0
DA:73,0
DA:74,0
DA:75,0
DA:76,0
DA:80,0
DA:81,0
DA:82,0
DA:83,0
DA:87,0
DA:88,0
DA:89,0
DA:94,0
DA:95,0
DA:96,0
DA:97,0
DA:98,0
DA:99,0
DA:100,0
DA:101,0
DA:107,0
DA:109,0
DA:111,0
DA:112,0
DA:114,0
DA:115,0
DA:122,0
DA:124,0
DA:125,0
DA:126,0
DA:130,0
DA:132,0
DA:133,0
DA:134,0
DA:138,0
DA:139,0
DA:140,0
DA:141,0
DA:145,0
DA:147,0
DA:148,0
DA:149,0
DA:150,0
DA:153,0
DA:154,0
DA:157,0
DA:161,0
DA:162,0
DA:163,0
DA:164,0
DA:167,0
DA:168,0
DA:170,0
LF:78
LH:0
end_of_record
SF:lib\feature\capters_4\view_model\chapters_controller.dart
DA:5,1
DA:9,0
DA:12,0
DA:15,0
DA:17,0
DA:18,0
DA:19,0
DA:24,0
DA:25,0
DA:26,0
DA:28,0
DA:33,0
DA:36,0
DA:38,0
DA:39,0
DA:42,0
DA:43,0
DA:47,0
DA:48,0
DA:49,0
DA:50,0
DA:53,0
DA:55,0
DA:58,0
DA:59,0
LF:25
LH:1
end_of_record
SF:lib\feature\category_1\model\category_model.dart
DA:7,3
DA:14,2
DA:15,1
DA:16,1
DA:19,1
DA:20,1
DA:22,2
DA:23,2
DA:24,2
LF:9
LH:9
end_of_record
SF:lib\feature\category_1\repo\category_repository.dart
DA:6,1
DA:9,0
DA:11,0
DA:12,0
DA:13,0
DA:18,0
DA:21,0
DA:23,0
DA:25,0
DA:27,0
DA:30,1
DA:32,2
DA:35,1
DA:38,0
DA:43,0
DA:45,0
DA:47,0
DA:50,1
DA:51,1
DA:52,0
DA:53,0
DA:54,0
DA:56,1
DA:60,0
DA:61,0
DA:62,0
DA:68,0
DA:69,0
LF:28
LH:7
end_of_record
SF:lib\feature\category_1\view\categories_view.dart
DA:6,36
DA:8,0
DA:9,0
DA:13,0
DA:15,0
DA:16,0
DA:17,0
DA:19,0
DA:20,0
DA:21,0
DA:25,0
DA:27,0
DA:29,0
DA:37,0
DA:38,0
DA:39,0
DA:40,0
LF:17
LH:1
end_of_record
SF:lib\feature\category_1\view_model\category_controller.dart
DA:5,1
DA:9,0
DA:12,0
DA:15,0
DA:18,0
DA:22,1
DA:24,1
DA:25,1
DA:28,0
DA:29,0
DA:31,0
DA:32,0
DA:36,0
DA:37,0
DA:38,0
DA:43,0
DA:44,0
DA:45,0
DA:47,0
DA:49,0
DA:54,0
DA:57,0
DA:58,0
DA:60,0
DA:61,0
DA:64,0
DA:65,0
DA:68,0
DA:69,0
DA:73,1
DA:74,1
DA:75,1
DA:76,1
DA:79,3
DA:81,0
DA:84,1
DA:85,1
DA:88,0
DA:89,0
DA:90,0
LF:40
LH:11
end_of_record
SF:lib\feature\classes_2\model\class_model.dart
DA:8,2
DA:16,1
DA:17,1
DA:18,1
DA:19,1
DA:20,1
DA:24,1
DA:25,1
DA:26,1
DA:27,2
DA:28,2
DA:29,2
DA:30,2
LF:13
LH:13
end_of_record
SF:lib\feature\classes_2\repo\classes_repository.dart
DA:6,1
DA:9,0
DA:11,0
DA:12,0
DA:14,0
DA:20,0
DA:23,0
DA:25,0
DA:27,0
DA:30,0
DA:33,0
DA:35,0
DA:41,0
DA:44,0
DA:45,0
DA:46,0
DA:47,0
DA:48,0
DA:50,0
DA:52,0
DA:53,0
DA:56,0
DA:59,0
DA:60,0
DA:61,0
DA:66,0
DA:67,0
LF:27
LH:1
end_of_record
SF:lib\feature\classes_2\view\class_view.dart
DA:6,0
DA:15,0
DA:16,0
DA:22,0
DA:24,0
DA:25,0
DA:28,0
DA:30,0
DA:31,0
DA:32,0
DA:33,0
DA:34,0
DA:37,0
DA:39,0
DA:40,0
DA:41,0
DA:43,0
DA:44,0
DA:46,0
DA:53,0
DA:54,0
DA:55,0
LF:22
LH:0
end_of_record
SF:lib\feature\classes_2\view_model\class_controller.dart
DA:5,1
DA:9,0
DA:12,0
DA:15,0
DA:18,0
DA:22,0
DA:23,0
DA:25,0
DA:26,0
DA:30,0
DA:31,0
DA:32,0
DA:38,0
DA:39,0
DA:40,0
DA:42,0
DA:44,0
DA:50,0
DA:54,0
DA:56,0
DA:57,0
DA:60,0
DA:61,0
DA:64,0
DA:65,0
DA:69,0
DA:70,0
DA:71,0
DA:72,0
DA:75,0
DA:77,0
DA:80,0
DA:81,0
DA:84,0
DA:85,0
DA:86,0
LF:36
LH:1
end_of_record
SF:lib\feature\content_5\model\content_model.dart
DA:10,3
DA:20,1
DA:21,1
DA:22,1
DA:23,1
DA:24,1
DA:25,1
DA:26,1
DA:30,1
DA:31,1
DA:32,1
DA:33,2
DA:34,2
DA:35,2
DA:36,2
DA:37,2
DA:38,2
LF:17
LH:17
end_of_record
SF:lib\feature\content_5\repo\content_repository.dart
DA:6,0
DA:9,0
DA:11,0
DA:13,0
DA:16,0
DA:19,0
DA:21,0
DA:27,0
DA:30,0
DA:32,0
DA:33,0
DA:34,0
DA:35,0
DA:36,0
DA:38,0
DA:40,0
DA:41,0
DA:45,0
DA:48,0
DA:49,0
LF:20
LH:0
end_of_record
SF:lib\feature\content_5\view\content_view.dart
DA:7,0
DA:13,0
DA:15,0
DA:16,0
DA:17,0
DA:19,0
DA:20,0
DA:21,0
DA:22,0
DA:23,0
DA:24,0
DA:25,0
DA:26,0
LF:13
LH:0
end_of_record
SF:lib\feature\content_5\view_model\content_controller.dart
DA:5,0
DA:9,0
DA:12,0
DA:15,0
DA:17,0
DA:24,0
DA:25,0
DA:30,0
DA:31,0
DA:32,0
DA:34,0
DA:40,0
DA:43,0
DA:46,0
DA:47,0
DA:50,0
DA:51,0
DA:52,0
DA:56,0
DA:57,0
DA:61,0
DA:62,0
DA:63,0
DA:64,0
DA:67,0
DA:69,0
DA:70,0
DA:71,0
DA:75,0
DA:76,0
LF:30
LH:0
end_of_record
SF:lib\feature\content_5\widgets\add_content_view.dart
DA:14,1
DA:21,1
DA:22,1
DA:33,1
DA:35,1
DA:36,2
DA:39,1
DA:41,2
DA:42,2
DA:43,2
DA:44,2
DA:45,2
DA:46,1
DA:49,0
DA:50,0
DA:51,0
DA:52,0
DA:53,0
DA:54,0
DA:55,0
DA:57,0
DA:58,0
DA:63,0
DA:64,0
DA:72,0
DA:73,0
DA:74,0
DA:77,0
DA:82,1
DA:84,1
DA:85,1
DA:86,2
DA:87,1
DA:88,1
DA:102,1
DA:103,1
DA:104,1
DA:105,1
DA:106,1
DA:109,1
DA:110,1
DA:112,2
DA:119,1
DA:120,1
DA:122,1
DA:124,2
DA:125,1
DA:127,1
DA:128,1
DA:129,1
DA:130,1
DA:134,1
DA:135,1
DA:139,1
DA:140,1
DA:143,1
DA:144,1
DA:155,1
DA:161,1
DA:165,1
DA:167,2
DA:169,1
LF:62
LH:47
end_of_record
SF:lib\feature\content_5\widgets\content_card.dart
DA:9,1
DA:17,1
DA:19,3
DA:20,3
DA:22,1
DA:23,1
DA:25,1
DA:27,1
DA:28,1
DA:30,1
DA:40,1
DA:41,1
DA:43,1
DA:44,1
DA:46,1
DA:47,1
DA:48,1
DA:55,1
DA:56,1
DA:59,1
DA:60,1
DA:61,1
DA:62,1
DA:67,1
DA:69,1
DA:78,1
DA:90,1
DA:91,1
DA:92,0
DA:93,0
DA:96,1
DA:97,1
DA:98,0
DA:99,0
LF:34
LH:30
end_of_record
SF:lib\feature\content_5\view\youtube_view.dart
DA:4,0
DA:8,0
DA:9,0
DA:17,0
DA:19,0
DA:20,0
DA:21,0
DA:32,0
DA:33,0
DA:34,0
DA:35,0
DA:36,0
DA:37,0
DA:41,0
DA:42,0
DA:43,0
DA:44,0
DA:45,0
DA:46,0
DA:51,0
DA:53,0
DA:54,0
DA:55,0
DA:56,0
DA:57,0
DA:58,0
DA:59,0
DA:65,0
DA:66,0
DA:67,0
DA:73,0
DA:74,0
DA:76,0
DA:78,0
DA:79,0
DA:80,0
DA:84,0
DA:85,0
DA:93,0
DA:94,0
DA:95,0
DA:97,0
DA:98,0
DA:101,0
DA:103,0
DA:109,0
DA:111,0
DA:118,0
DA:119,0
DA:120,0
DA:121,0
DA:122,0
DA:123,0
DA:124,0
DA:129,0
DA:130,0
DA:137,0
DA:138,0
DA:139,0
DA:140,0
DA:141,0
DA:144,0
DA:150,0
DA:151,0
DA:152,0
DA:153,0
DA:154,0
DA:155,0
DA:156,0
DA:157,0
DA:159,0
DA:165,0
DA:167,0
DA:168,0
DA:169,0
LF:75
LH:0
end_of_record
SF:lib\feature\course\model\popular_course_content_model.dart
DA:10,2
DA:20,1
DA:21,1
DA:22,1
DA:23,1
DA:24,1
DA:25,1
DA:26,1
DA:30,1
DA:31,1
DA:32,1
DA:33,2
DA:34,2
DA:35,2
DA:36,2
DA:37,2
DA:38,2
LF:17
LH:17
end_of_record
SF:lib\feature\course\model\popular_course_model.dart
DA:9,2
DA:18,1
DA:19,1
DA:20,1
DA:21,1
DA:22,1
DA:23,1
DA:27,1
DA:28,1
DA:29,1
DA:30,2
DA:31,2
DA:32,2
DA:33,2
DA:34,2
LF:15
LH:15
end_of_record
SF:lib\feature\course\repo\popular_course\popular_courses_repository.dart
DA:6,0
DA:9,0
DA:11,0
DA:12,0
DA:14,0
DA:20,0
DA:23,0
DA:25,0
DA:27,0
DA:29,0
DA:32,0
DA:34,0
DA:38,0
DA:41,0
DA:43,0
DA:46,0
DA:48,0
DA:53,0
DA:56,0
DA:58,0
DA:61,0
DA:63,0
DA:68,0
DA:71,0
DA:73,0
DA:76,0
DA:78,0
DA:83,0
DA:86,0
DA:88,0
DA:89,0
DA:91,0
DA:93,0
DA:96,0
DA:98,0
DA:99,0
DA:100,0
DA:102,0
DA:104,0
DA:106,0
DA:109,0
DA:112,0
DA:113,0
DA:114,0
DA:119,0
DA:120,0
DA:123,0
DA:124,0
DA:127,0
DA:128,0
DA:129,0
DA:130,0
DA:131,0
DA:133,0
LF:54
LH:0
end_of_record
SF:lib\feature\course\repo\popular_course_content\popular_course_content_repository.dart
DA:6,0
DA:9,0
DA:12,0
DA:14,0
DA:17,0
DA:20,0
DA:23,0
DA:29,0
DA:32,0
DA:33,0
DA:34,0
DA:35,0
DA:36,0
DA:37,0
DA:39,0
DA:42,0
DA:43,0
LF:17
LH:0
end_of_record
SF:lib\feature\course\view\popular_course_content_view.dart
DA:7,0
DA:13,0
DA:15,0
DA:16,0
DA:18,0
DA:19,0
DA:20,0
DA:21,0
DA:22,0
DA:23,0
DA:24,0
DA:25,0
DA:26,0
LF:13
LH:0
end_of_record
SF:lib\feature\course\view\popular_courses_view.dart
DA:4,72
DA:6,0
DA:8,0
DA:10,0
DA:12,0
DA:13,0
DA:18,0
DA:19,0
DA:21,0
DA:22,0
DA:23,0
DA:26,0
DA:27,0
DA:28,0
DA:32,0
DA:33,0
DA:35,0
DA:36,0
DA:37,0
DA:38,0
DA:39,0
DA:40,0
DA:41,0
DA:42,0
DA:54,0
DA:55,0
DA:58,0
DA:61,0
DA:62,0
DA:64,0
DA:65,0
DA:66,0
DA:69,0
DA:74,0
DA:75,0
DA:80,0
DA:81,0
DA:83,0
DA:85,0
DA:86,0
DA:88,0
DA:89,0
DA:90,0
DA:91,0
DA:103,0
DA:104,0
DA:108,0
DA:109,0
DA:110,0
DA:111,0
LF:50
LH:1
end_of_record
SF:lib\feature\course\view_model\popular_course_content_controller.dart
DA:6,0
DA:11,0
DA:14,0
DA:17,0
DA:19,0
DA:26,0
DA:27,0
DA:32,0
DA:33,0
DA:34,0
DA:36,0
DA:44,0
DA:47,0
DA:48,0
DA:51,0
DA:52,0
DA:53,0
DA:57,0
DA:58,0
DA:62,0
DA:63,0
DA:64,0
DA:65,0
DA:68,0
DA:70,0
DA:71,0
DA:72,0
DA:76,0
DA:77,0
LF:29
LH:0
end_of_record
SF:lib\feature\course\view_model\popular_course_controller.dart
DA:6,0
DA:9,0
DA:12,0
DA:15,0
DA:18,0
DA:22,0
DA:24,0
DA:25,0
DA:28,0
DA:29,0
DA:31,0
DA:32,0
DA:34,0
DA:35,0
DA:39,0
DA:41,0
DA:42,0
DA:48,0
DA:49,0
DA:50,0
DA:53,0
DA:55,0
DA:62,0
DA:65,0
DA:66,0
DA:70,0
DA:71,0
DA:74,0
DA:75,0
DA:77,0
DA:78,0
DA:84,0
DA:85,0
DA:86,0
DA:87,0
DA:90,0
DA:92,0
DA:93,0
DA:96,0
DA:97,0
DA:100,0
DA:101,0
DA:102,0
LF:43
LH:0
end_of_record
SF:lib\feature\home\view\banner\model\banner_model.dart
DA:7,0
DA:14,0
DA:15,0
DA:16,0
DA:19,0
DA:20,0
DA:21,0
DA:22,0
DA:23,0
LF:9
LH:0
end_of_record
SF:lib\feature\home\view\banner\repo\banner_repository.dart
DA:4,0
DA:7,0
DA:9,0
DA:10,0
DA:12,0
DA:18,0
DA:21,0
DA:23,0
DA:25,0
DA:27,0
DA:30,0
DA:32,0
DA:33,0
DA:34,0
DA:35,0
DA:36,0
DA:38,0
LF:17
LH:0
end_of_record
SF:lib\feature\home\view\banner\view_model\banner_controller.dart
DA:5,1
DA:11,0
DA:14,2
DA:17,0
DA:20,0
DA:22,1
DA:24,1
DA:25,1
DA:28,1
DA:29,1
DA:30,1
DA:33,0
DA:34,0
DA:35,0
DA:38,0
DA:39,0
DA:41,0
DA:42,0
DA:46,0
DA:47,0
DA:48,0
DA:52,0
DA:56,0
DA:58,0
DA:62,0
DA:63,0
DA:66,0
DA:67,0
DA:69,0
DA:72,0
DA:75,0
DA:79,1
DA:80,1
DA:81,1
DA:84,3
DA:86,0
DA:89,1
DA:92,0
DA:93,0
DA:94,0
LF:40
LH:13
end_of_record
SF:lib\feature\home\view\home_view.dart
DA:4,36
DA:8,0
DA:9,0
DA:13,0
DA:15,0
DA:16,0
DA:17,0
DA:19,0
DA:20,0
DA:21,0
DA:23,0
LF:11
LH:1
end_of_record
SF:lib\feature\home\view\main_bottom_nav_bar.dart
DA:5,0
DA:16,0
DA:18,0
DA:19,0
DA:20,0
DA:21,0
DA:22,0
DA:23,0
DA:24,0
LF:9
LH:0
end_of_record
SF:lib\feature\home\view_model\main_bottom_navbar_controller.dart
DA:6,0
DA:7,0
DA:8,0
LF:3
LH:0
end_of_record
SF:lib\feature\home\widgets\all_categories.dart
DA:4,36
DA:6,0
DA:8,0
DA:9,0
DA:10,0
DA:14,0
DA:23,0
DA:25,0
DA:26,0
DA:27,0
DA:28,0
DA:29,0
DA:31,0
DA:32,0
DA:33,0
DA:34,0
DA:35,0
DA:37,0
DA:38,0
DA:42,0
DA:44,0
DA:48,0
DA:49,0
DA:53,0
LF:24
LH:1
end_of_record
SF:lib\feature\home\widgets\category_section.dart
DA:4,36
DA:6,0
DA:8,0
DA:10,0
DA:11,0
DA:17,0
DA:18,0
DA:20,0
DA:22,0
DA:23,0
DA:24,0
DA:28,0
DA:29,0
DA:30,0
DA:32,0
DA:33,0
LF:16
LH:1
end_of_record
SF:lib\feature\home\widgets\custom_scaffold_home.dart
DA:11,0
DA:20,0
DA:22,0
DA:23,0
DA:25,0
DA:27,0
DA:30,0
DA:32,0
DA:33,0
DA:34,0
DA:38,0
DA:39,0
DA:46,0
DA:47,0
DA:53,0
DA:54,0
DA:55,0
DA:59,0
DA:60,0
DA:61,0
DA:63,0
DA:64,0
DA:66,0
DA:69,0
DA:70,0
DA:71,0
DA:76,0
DA:77,0
DA:84,0
DA:86,0
DA:87,0
DA:88,0
DA:91,0
DA:93,0
DA:94,0
DA:95,0
DA:96,0
DA:97,0
LF:38
LH:0
end_of_record
SF:lib\feature\home\widgets\home_banner.dart
DA:4,36
DA:6,0
DA:7,0
DA:14,0
DA:16,0
DA:17,0
DA:20,0
DA:22,0
DA:23,0
DA:24,0
DA:28,0
DA:29,0
DA:30,0
DA:34,0
DA:35,0
DA:36,0
DA:37,0
DA:42,0
DA:43,0
DA:44,0
DA:48,0
DA:49,0
DA:50,0
DA:51,0
DA:52,0
DA:54,0
DA:56,0
DA:58,0
DA:59,0
DA:60,0
DA:61,0
DA:63,0
DA:72,0
DA:74,0
DA:75,0
DA:77,0
DA:78,0
DA:79,0
DA:84,0
DA:85,0
DA:87,0
DA:90,0
LF:42
LH:1
end_of_record
SF:lib\feature\home\widgets\popular_courses.dart
DA:4,36
DA:8,0
DA:11,0
DA:13,0
DA:14,0
DA:15,0
DA:17,0
DA:18,0
DA:20,0
DA:22,0
DA:23,0
DA:24,0
DA:28,0
DA:29,0
DA:30,0
DA:32,0
DA:33,0
DA:42,0
DA:43,0
DA:44,0
DA:45,0
DA:50,0
DA:52,0
DA:55,0
DA:56,0
DA:58,0
DA:60,0
DA:61,0
DA:62,0
DA:63,0
DA:64,0
DA:66,0
DA:68,0
DA:80,0
DA:81,0
DA:84,0
DA:85,0
DA:87,0
DA:89,0
DA:90,0
DA:93,0
DA:98,0
DA:99,0
DA:100,0
DA:106,0
DA:116,0
DA:118,0
DA:120,0
DA:121,0
DA:123,0
DA:124,0
DA:125,0
DA:133,0
DA:134,0
DA:138,0
DA:139,0
DA:140,0
DA:142,0
LF:58
LH:1
end_of_record
SF:lib\feature\mentor\model\mentor_model.dart
DA:10,1
DA:20,1
DA:21,1
DA:22,1
DA:23,1
DA:24,1
DA:25,1
DA:26,1
DA:30,1
DA:31,1
DA:32,1
DA:33,2
DA:34,2
DA:35,2
DA:36,2
DA:37,2
DA:38,2
LF:17
LH:17
end_of_record
SF:lib\feature\mentor\repo\mentor_repository.dart
DA:6,0
DA:7,0
DA:8,0
DA:10,0
DA:16,0
DA:19,0
DA:20,0
DA:22,0
DA:25,0
DA:32,0
DA:33,0
DA:37,0
DA:38,0
DA:39,0
DA:40,0
DA:42,0
LF:16
LH:0
end_of_record
SF:lib\feature\mentor\view\top_mentor_details_view.dart
DA:4,0
DA:18,0
DA:20,0
DA:21,0
DA:22,0
DA:24,0
DA:25,0
DA:26,0
DA:29,0
DA:32,0
DA:34,0
DA:37,0
DA:39,0
DA:42,0
DA:43,0
DA:44,0
DA:50,0
DA:51,0
DA:55,0
DA:56,0
DA:57,0
DA:61,0
DA:62,0
DA:63,0
DA:65,0
DA:66,0
DA:67,0
DA:76,0
DA:82,0
DA:83,0
DA:85,0
DA:86,0
DA:87,0
LF:33
LH:0
end_of_record
SF:lib\feature\mentor\view\top_mentors_view.dart
DA:4,0
DA:6,0
DA:7,0
DA:11,0
DA:13,0
DA:14,0
DA:15,0
DA:16,0
DA:17,0
DA:18,0
DA:22,0
DA:23,0
DA:24,0
DA:25,0
DA:31,0
DA:32,0
DA:33,0
DA:34,0
DA:35,0
DA:36,0
DA:37,0
DA:38,0
DA:40,0
DA:41,0
DA:42,0
DA:43,0
DA:44,0
DA:45,0
DA:46,0
DA:47,0
DA:48,0
DA:52,0
DA:65,0
DA:66,0
DA:68,0
DA:70,0
DA:73,0
DA:74,0
DA:75,0
DA:78,0
DA:79,0
DA:80,0
DA:81,0
DA:86,0
DA:87,0
DA:88,0
DA:90,0
DA:91,0
DA:92,0
DA:96,0
DA:97,0
LF:51
LH:0
end_of_record
SF:lib\feature\mentor\view_model\mentor_controller.dart
DA:7,0
DA:10,0
DA:13,0
DA:16,0
DA:20,0
DA:22,0
DA:23,0
DA:26,0
DA:27,0
DA:29,0
DA:30,0
DA:34,0
DA:36,0
DA:37,0
DA:38,0
DA:39,0
DA:40,0
DA:41,0
DA:46,0
DA:47,0
DA:48,0
DA:50,0
DA:52,0
DA:60,0
DA:63,0
DA:64,0
DA:66,0
DA:68,0
DA:69,0
DA:72,0
DA:73,0
DA:76,0
DA:77,0
DA:81,0
DA:82,0
DA:83,0
DA:84,0
DA:87,0
DA:89,0
DA:92,0
DA:93,0
DA:96,0
DA:97,0
DA:98,0
LF:44
LH:0
end_of_record
SF:lib\feature\on_boarding\view\intro\view\intro_view_1.dart
DA:4,36
DA:6,0
DA:8,0
DA:10,0
DA:12,0
DA:13,0
DA:15,0
DA:16,0
DA:17,0
DA:21,0
DA:22,0
LF:11
LH:1
end_of_record
SF:lib\feature\on_boarding\view\intro\view\intro_view_2.dart
DA:4,36
DA:6,0
DA:8,0
DA:10,0
DA:12,0
DA:13,0
DA:15,0
DA:16,0
DA:17,0
DA:21,0
DA:22,0
LF:11
LH:1
end_of_record
SF:lib\feature\on_boarding\view\intro\view\intro_view_3.dart
DA:4,36
DA:6,0
DA:8,0
DA:10,0
DA:12,0
DA:13,0
DA:15,0
DA:16,0
DA:17,0
DA:21,0
DA:22,0
LF:11
LH:1
end_of_record
SF:lib\feature\on_boarding\view\on_boarding.dart
DA:4,36
DA:6,0
DA:8,0
DA:9,0
DA:10,0
DA:11,0
DA:13,0
DA:14,0
DA:15,0
DA:16,0
DA:17,0
DA:24,0
DA:26,0
DA:28,0
DA:29,0
DA:30,0
DA:31,0
DA:33,0
DA:35,0
DA:36,0
DA:40,0
DA:41,0
DA:42,0
DA:43,0
DA:45,0
DA:46,0
DA:51,0
DA:53,0
DA:54,0
DA:55,0
LF:30
LH:1
end_of_record
SF:lib\feature\on_boarding\view_model\on_boarding_controller.dart
DA:7,0
DA:8,0
DA:9,0
DA:12,0
DA:13,0
DA:14,0
DA:17,0
DA:18,0
DA:22,0
DA:23,0
LF:10
LH:0
end_of_record
SF:lib\feature\setting\view\settings_view.dart
DA:4,36
DA:6,0
DA:8,0
DA:9,0
DA:10,0
DA:12,0
DA:14,0
DA:16,0
DA:17,0
DA:19,0
DA:20,0
DA:21,0
DA:31,0
DA:33,0
LF:14
LH:1
end_of_record
SF:lib\feature\subject_3\model\subject_model.dart
DA:8,2
DA:16,1
DA:17,1
DA:18,1
DA:19,1
DA:20,1
DA:24,1
DA:25,1
DA:26,1
DA:27,2
DA:28,2
DA:29,2
DA:30,2
LF:13
LH:13
end_of_record
SF:lib\feature\subject_3\repo\subjects_repository.dart
DA:6,1
DA:9,0
DA:11,0
DA:12,0
DA:14,0
DA:20,0
DA:23,0
DA:25,0
DA:27,0
DA:30,0
DA:33,0
DA:35,0
DA:41,0
DA:44,0
DA:45,0
DA:46,0
DA:51,0
DA:52,0
DA:55,0
DA:56,0
DA:57,0
DA:58,0
DA:59,0
DA:61,0
LF:24
LH:1
end_of_record
SF:lib\feature\subject_3\view\subjects_view.dart
DA:4,0
DA:7,0
DA:8,0
DA:14,0
DA:16,0
DA:17,0
DA:20,0
DA:22,0
DA:24,0
DA:25,0
DA:28,0
DA:30,0
DA:32,0
DA:36,0
DA:37,0
DA:39,0
DA:46,0
DA:47,0
DA:48,0
DA:49,0
DA:50,0
DA:51,0
DA:52,0
DA:53,0
DA:57,0
DA:59,0
DA:60,0
DA:63,0
DA:64,0
DA:65,0
DA:66,0
DA:67,0
DA:70,0
DA:75,0
DA:77,0
DA:78,0
DA:80,0
DA:81,0
DA:108,0
DA:109,0
DA:110,0
DA:111,0
DA:112,0
DA:113,0
DA:114,0
DA:116,0
DA:118,0
DA:119,0
DA:125,0
DA:126,0
DA:127,0
DA:130,0
DA:131,0
DA:132,0
DA:140,0
DA:141,0
DA:142,0
DA:143,0
DA:144,0
DA:145,0
DA:146,0
DA:149,0
DA:150,0
DA:153,0
DA:156,0
DA:158,0
DA:159,0
DA:160,0
DA:162,0
LF:69
LH:0
end_of_record
SF:lib\feature\subject_3\view_model\subject_controller.dart
DA:6,1
DA:10,0
DA:13,0
DA:16,0
DA:19,0
DA:23,0
DA:24,0
DA:26,0
DA:27,0
DA:31,0
DA:32,0
DA:33,0
DA:39,0
DA:40,0
DA:41,0
DA:43,0
DA:45,0
DA:51,0
DA:54,0
DA:56,0
DA:57,0
DA:60,0
DA:61,0
DA:64,0
DA:65,0
DA:69,0
DA:70,0
DA:71,0
DA:72,0
DA:75,0
DA:77,0
DA:80,0
DA:81,0
DA:84,0
DA:85,0
DA:86,0
LF:36
LH:1
end_of_record
SF:lib\feature\theming_and_localization\view_model\localization_controller.dart
DA:6,2
DA:8,0
DA:9,0
DA:10,0
DA:11,0
LF:5
LH:1
end_of_record
SF:lib\feature\theming_and_localization\view_model\theme_controller.dart
DA:7,2
DA:9,0
DA:10,0
DA:11,0
DA:12,0
LF:5
LH:1
end_of_record
SF:lib\feature\user\model\user_model.dart
DA:12,0
DA:24,0
DA:25,0
DA:26,0
DA:27,0
DA:28,0
DA:29,0
DA:30,0
DA:31,0
DA:32,0
DA:36,0
DA:37,0
DA:38,0
DA:39,0
DA:40,0
DA:41,0
DA:42,0
DA:43,0
DA:44,0
DA:45,0
DA:46,0
LF:21
LH:0
end_of_record
SF:lib\feature\user\model\user_profile_model.dart
DA:12,0
DA:24,0
DA:25,0
DA:26,0
DA:27,0
DA:28,0
DA:29,0
DA:30,0
DA:31,0
DA:32,0
DA:36,0
DA:37,0
DA:38,0
DA:39,0
DA:40,0
DA:41,0
DA:42,0
DA:43,0
DA:44,0
DA:45,0
DA:46,0
LF:21
LH:0
end_of_record
SF:lib\feature\user\repo\user_profile_repository.dart
DA:6,0
DA:7,0
DA:8,0
DA:10,0
DA:16,0
DA:19,0
DA:20,0
DA:21,0
DA:26,0
DA:29,0
DA:30,0
DA:36,0
DA:39,0
DA:40,0
DA:41,0
DA:46,0
DA:49,0
DA:50,0
DA:51,0
DA:56,0
DA:57,0
DA:60,0
DA:63,0
DA:68,0
DA:69,0
DA:70,0
LF:26
LH:0
end_of_record
SF:lib\feature\user\view\user_profile_view.dart
DA:6,72
DA:8,0
DA:9,0
DA:27,0
DA:29,0
DA:31,0
DA:32,0
DA:33,0
DA:35,0
DA:38,0
DA:39,0
DA:40,0
DA:42,0
DA:44,0
DA:46,0
DA:47,0
DA:48,0
DA:49,0
DA:50,0
DA:51,0
DA:52,0
DA:53,0
DA:54,0
DA:57,0
DA:66,0
DA:67,0
DA:68,0
DA:69,0
DA:70,0
DA:71,0
DA:72,0
DA:74,0
DA:75,0
DA:76,0
DA:86,0
DA:88,0
DA:90,0
DA:91,0
DA:94,0
DA:95,0
DA:96,0
DA:97,0
DA:98,0
DA:99,0
DA:100,0
DA:104,0
DA:105,0
DA:109,0
DA:110,0
DA:111,0
DA:112,0
DA:113,0
DA:114,0
DA:115,0
DA:116,0
DA:119,0
DA:120,0
DA:121,0
DA:122,0
DA:123,0
DA:124,0
DA:125,0
DA:128,0
DA:130,0
DA:131,0
DA:132,0
DA:133,0
DA:134,0
DA:135,0
DA:136,0
DA:137,0
LF:71
LH:1
end_of_record
SF:lib\feature\user\view_model\user_profile_controller.dart
DA:7,0
DA:10,0
DA:13,0
DA:16,0
DA:18,0
DA:19,0
DA:20,0
DA:23,0
DA:24,0
DA:25,0
DA:28,0
DA:29,0
DA:30,0
DA:33,0
DA:41,0
DA:42,0
DA:43,0
DA:44,0
DA:48,0
DA:52,0
DA:54,0
DA:58,0
DA:68,0
DA:69,0
DA:70,0
DA:71,0
DA:74,0
DA:77,0
DA:80,0
DA:84,0
DA:85,0
DA:86,0
DA:89,0
DA:90,0
DA:91,0
DA:94,0
DA:97,0
LF:37
LH:0
end_of_record
SF:lib\core\resources\urls.dart
DA:4,6
DA:5,6
DA:6,6
LF:3
LH:3
end_of_record
SF:lib\feature\category_1\widget\add_category_dialog.dart
DA:4,36
DA:6,0
DA:9,0
DA:11,0
DA:12,0
DA:13,0
DA:14,0
DA:15,0
DA:17,0
DA:19,0
DA:20,0
DA:26,0
DA:27,0
DA:28,0
DA:31,0
DA:32,0
DA:33,0
DA:41,0
DA:42,0
DA:43,0
DA:45,0
DA:46,0
DA:48,0
LF:23
LH:1
end_of_record
SF:lib\feature\category_1\widget\category_grid_item.dart
DA:6,0
DA:8,0
DA:10,0
DA:11,0
DA:12,0
DA:13,0
DA:14,0
DA:17,0
DA:19,0
DA:22,0
DA:25,0
DA:26,0
DA:27,0
LF:13
LH:0
end_of_record
SF:lib\feature\classes_2\widget\add_class_dialog.dart
DA:6,0
DA:8,0
DA:10,0
DA:12,0
DA:13,0
DA:14,0
DA:15,0
DA:16,0
DA:18,0
DA:20,0
DA:21,0
DA:23,0
DA:26,0
DA:27,0
DA:28,0
DA:31,0
DA:32,0
DA:33,0
DA:41,0
DA:42,0
DA:43,0
DA:44,0
DA:45,0
DA:46,0
DA:48,0
DA:49,0
DA:52,0
DA:55,0
DA:57,0
DA:58,0
DA:59,0
LF:31
LH:0
end_of_record
SF:lib\feature\classes_2\widget\class_grid_item.dart
DA:6,0
DA:8,0
DA:10,0
DA:11,0
DA:12,0
DA:14,0
DA:16,0
DA:19,0
DA:20,0
DA:21,0
LF:10
LH:0
end_of_record
SF:lib\feature\profile\view\fetch_user_profile_view.dart
DA:6,72
DA:8,0
DA:9,0
DA:16,0
DA:18,0
DA:19,0
DA:22,0
DA:23,0
DA:24,0
DA:25,0
DA:26,0
DA:30,0
DA:32,0
DA:34,0
DA:35,0
DA:36,0
DA:40,0
DA:41,0
DA:42,0
DA:44,0
DA:45,0
DA:46,0
DA:49,0
DA:51,0
DA:52,0
DA:53,0
DA:60,0
DA:61,0
DA:62,0
DA:63,0
DA:69,0
DA:70,0
DA:71,0
LF:33
LH:1
end_of_record
SF:lib\feature\profile\widgets\profile_header.dart
DA:6,0
DA:8,0
DA:10,0
DA:11,0
DA:13,0
DA:16,0
DA:18,0
DA:21,0
DA:22,0
DA:23,0
DA:29,0
DA:30,0
LF:12
LH:0
end_of_record
SF:lib\feature\profile\widgets\profile_options.dart
DA:6,0
DA:8,0
DA:10,0
DA:11,0
DA:13,0
DA:14,0
DA:15,0
DA:19,0
DA:20,0
DA:21,0
DA:22,0
DA:24,0
DA:26,0
DA:27,0
DA:29,0
DA:31,0
DA:32,0
DA:34,0
DA:35,0
DA:37,0
DA:38,0
DA:40,0
DA:41,0
DA:43,0
DA:44,0
DA:46,0
DA:48,0
DA:49,0
DA:51,0
DA:53,0
DA:54,0
DA:56,0
DA:61,0
DA:62,0
DA:64,0
DA:65,0
DA:71,0
DA:73,0
DA:74,0
DA:76,0
DA:77,0
DA:78,0
LF:42
LH:0
end_of_record
SF:lib\feature\user\widget\profile_image_picker.dart
DA:4,36
DA:6,0
DA:8,0
DA:10,0
DA:11,0
DA:12,0
DA:13,0
DA:15,0
DA:17,0
DA:20,0
DA:21,0
DA:22,0
DA:23,0
DA:25,0
DA:27,0
DA:29,0
LF:16
LH:1
end_of_record
SF:lib\feature\user\widget\user_profile_form.dart
DA:12,0
DA:23,0
DA:25,0
DA:26,0
DA:27,0
DA:28,0
DA:29,0
DA:31,0
DA:32,0
DA:34,0
DA:35,0
DA:36,0
DA:37,0
DA:39,0
DA:40,0
DA:41,0
DA:42,0
DA:47,0
DA:51,0
DA:60,0
DA:61,0
DA:62,0
DA:63,0
DA:64,0
DA:66,0
DA:67,0
DA:68,0
DA:71,0
DA:74,0
DA:75,0
DA:76,0
DA:84,0
DA:85,0
DA:86,0
DA:87,0
DA:88,0
DA:91,0
DA:92,0
DA:94,0
DA:96,0
DA:97,0
DA:98,0
DA:99,0
LF:43
LH:0
end_of_record
SF:lib\main.dart
DA:6,1
DA:7,1
DA:10,2
DA:13,1
DA:14,2
DA:15,2
DA:19,0
DA:20,0
DA:21,0
LF:9
LH:6
end_of_record
SF:lib\user_app.dart
DA:4,37
DA:6,1
DA:8,1
DA:9,1
DA:10,3
DA:11,3
DA:13,1
DA:15,1
DA:16,1
DA:17,1
DA:18,3
DA:19,1
DA:20,3
LF:13
LH:13
end_of_record
